\BOOKMARK [1][-]{section.1}{Introduction}{}% 1
\BOOKMARK [1][-]{section.2}{Preliminaries}{}% 2
\BOOKMARK [2][-]{subsection.2.1}{Interval extensions, outer and inner approximations}{section.2}% 3
\BOOKMARK [2][-]{subsection.2.2}{Generalized intervals}{section.2}% 4
\BOOKMARK [2][-]{subsection.2.3}{Kaucher arithmetic and the generalized interval natural extension}{section.2}% 5
\BOOKMARK [2][-]{subsection.2.4}{Generalized interval mean value extension}{section.2}% 6
\BOOKMARK [2][-]{subsection.2.5}{Enclosing the flow of an uncertain ODE with interval Taylor methods}{section.2}% 7
\BOOKMARK [1][-]{section.3}{Forward inner reachability of continous systems}{}% 8
\BOOKMARK [2][-]{subsection.3.1}{Principle of the algorithm}{section.3}% 9
\BOOKMARK [2][-]{subsection.3.2}{Step 1: computing the rough enclosures}{section.3}% 10
\BOOKMARK [2][-]{subsection.3.3}{Step 2: building the Taylor models}{section.3}% 11
\BOOKMARK [2][-]{subsection.3.4}{Step 3: computing the inner-approximation}{section.3}% 12
\BOOKMARK [1][-]{section.4}{Experiments and Benchmarks}{}% 13
\BOOKMARK [2][-]{subsection.4.1}{Brusselator}{section.4}% 14
\BOOKMARK [2][-]{subsection.4.2}{Comparisons to the related work}{section.4}% 15
\BOOKMARK [3][-]{subsubsection.4.2.1}{Comparison to Underapproxflowpipes}{subsection.4.2}% 16
\BOOKMARK [3][-]{subsubsection.4.2.2}{Comparison to underapprox16}{subsection.4.2}% 17
\BOOKMARK [2][-]{subsection.4.3}{Other examples}{section.4}% 18
\BOOKMARK [2][-]{subsection.4.4}{Conclusion}{section.4}% 19
\BOOKMARK [1][-]{section.5}{Conclusion and future work}{}% 20
\BOOKMARK [1][-]{section.6}{References}{}% 21
